<?xml version="1.0" encoding="UTF-8"?>
<!-- Generated by org.testng.reporters.JUnitXMLReporter -->
<testsuite ignored="0" hostname="DESKTOP-2NOC298" failures="0" tests="11" name="Default test" time="166.0" errors="0" timestamp="2025-06-26T15:42:30 IST">
  <testcase classname="QA.auto.propsheet" name="login" time="13.601"/>
  <testcase classname="QA.auto.propsheet" name="series_set" time="25.625"/>
  <testcase classname="QA.auto.propsheet" name="atlaseditor" time="27.021"/>
  <testcase classname="QA.auto.propsheet" name="Editmenu" time="7.43"/>
  <testcase classname="QA.auto.propsheet" name="contributor" time="31.66"/>
  <testcase classname="QA.auto.propsheet" name="draw" time="2.746"/>
  <testcase classname="QA.auto.propsheet" name="annotation" time="13.185"/>
  <testcase classname="QA.auto.propsheet" name="geometry_Box" time="9.192"/>
  <testcase classname="QA.auto.propsheet" name="Box_select" time="5.844"/>
  <testcase classname="QA.auto.propsheet" name="Propertystylesheet" time="17.057"/>
  <testcase classname="QA.auto.propsheet" name="Box_delete" time="6.939"/>
</testsuite> <!-- Default test -->
